<?xml version="1.0" encoding="UTF-8"?>
<testng-results ignored="0" total="2" passed="2" failed="0" skipped="0">
  <reporter-output>
  </reporter-output>
  <suite started-at="2022-04-06T23:52:17 IST" name="Suite" finished-at="2022-04-06T23:52:28 IST" duration-ms="10650">
    <groups>
    </groups>
    <test started-at="2022-04-06T23:52:17 IST" name="Test" finished-at="2022-04-06T23:52:28 IST" duration-ms="10650">
      <class name="Amazon.Amazon_Auto.Login">
        <test-method is-config="true" signature="initialize_Driver()[pri:0, instance:Amazon.Amazon_Auto.Login@6ca8564a]" started-at="2022-04-06T23:52:17 IST" name="initialize_Driver" finished-at="2022-04-06T23:52:20 IST" duration-ms="2379" status="PASS">
          <reporter-output>
          </reporter-output>
        </test-method> <!-- initialize_Driver -->
        <test-method signature="Go_home()[pri:0, instance:Amazon.Amazon_Auto.Login@6ca8564a]" started-at="2022-04-06T23:52:20 IST" name="Go_home" finished-at="2022-04-06T23:52:24 IST" duration-ms="4395" status="PASS">
          <reporter-output>
          </reporter-output>
        </test-method> <!-- Go_home -->
        <test-method signature="login_Check()[pri:0, instance:Amazon.Amazon_Auto.Login@6ca8564a]" started-at="2022-04-06T23:52:24 IST" name="login_Check" finished-at="2022-04-06T23:52:28 IST" duration-ms="3823" status="PASS">
          <reporter-output>
          </reporter-output>
        </test-method> <!-- login_Check -->
      </class> <!-- Amazon.Amazon_Auto.Login -->
    </test> <!-- Test -->
  </suite> <!-- Suite -->
</testng-results>
